PORTATIL (Server)	Mon Oct 22 20:29:28 2007
	INET/INET_connect: gethostbyname failed, error code = 11004

PORTATIL (Server)	Mon Oct 22 20:29:30 2007
	INET/INET_connect: gethostbyname failed, error code = 11004

PORTATIL (Server)	Tue Oct 21 18:42:50 2008
	INET/inet_error: connect errno = 10060

PORTATIL (Server)	Tue Oct 21 18:43:13 2008
	INET/inet_error: connect errno = 10060

PORTATIL (Server)	Tue Oct 21 18:53:31 2008
	WNET/wnet_error: CreateFile errno = 53

PORTATIL (Server)	Fri Oct 31 10:02:52 2008
	INET/INET_connect: gethostbyname failed, error code = 11004

PORTATIL (Server)	Fri Oct 31 10:03:00 2008
	INET/INET_connect: gethostbyname failed, error code = 11004

PORTATIL (Server)	Mon Jul 04 13:55:49 2011
	INET/inet_error: connect errno = 10061

PORTATIL (Server)	Mon Jul 04 13:55:52 2011
	INET/inet_error: connect errno = 10061

PORTATIL (Server)	Mon Jul 04 13:56:03 2011
	INET/inet_error: connect errno = 10061

PORTATIL (Server)	Mon Jul 04 13:56:06 2011
	INET/inet_error: connect errno = 10061

PORTATIL (Server)	Sat Mar 10 21:15:33 2012
	INET/inet_error: connect errno = 10061

PORTATIL (Server)	Sat Mar 10 21:15:36 2012
	INET/inet_error: connect errno = 10061

PORTATIL (Server)	Sat Mar 10 21:16:37 2012
	INET/inet_error: connect errno = 10061

PORTATIL (Server)	Sat Mar 10 21:16:40 2012
	INET/inet_error: connect errno = 10061

PORTATIL (Server)	Sat Mar 10 21:17:01 2012
	INET/inet_error: connect errno = 10061

PORTATIL (Server)	Sat Mar 10 21:17:04 2012
	INET/inet_error: connect errno = 10061

PORTATIL (Server)	Sat Mar 10 21:17:37 2012
	INET/inet_error: connect errno = 10061

PORTATIL (Server)	Sat Mar 10 21:17:40 2012
	INET/inet_error: connect errno = 10061

PORTATIL (Server)	Sat Mar 10 21:18:12 2012
	INET/inet_error: connect errno = 10061

PORTATIL (Server)	Sat Mar 10 21:18:15 2012
	INET/inet_error: connect errno = 10061

PORTATIL (Server)	Sat Mar 10 21:18:36 2012
	INET/INET_connect: gethostbyname failed, error code = 11004

PORTATIL (Server)	Sat Mar 10 21:18:38 2012
	INET/INET_connect: gethostbyname failed, error code = 11004

PORTATIL (Server)	Sat Mar 10 21:19:08 2012
	INET/inet_error: connect errno = 10061

PORTATIL (Server)	Sat Mar 10 21:19:11 2012
	INET/inet_error: connect errno = 10061

PORTATIL (Server)	Sat Mar 10 21:19:30 2012
	INET/inet_error: connect errno = 10061

PORTATIL (Server)	Sat Mar 10 21:19:33 2012
	INET/inet_error: connect errno = 10061

PORTATIL (Server)	Sat Mar 10 21:20:14 2012
	INET/inet_error: connect errno = 10061

PORTATIL (Server)	Sat Mar 10 21:20:17 2012
	INET/inet_error: connect errno = 10061

PORTATIL (Server)	Sat Mar 10 21:20:43 2012
	INET/inet_error: connect errno = 10061

PORTATIL (Server)	Sat Mar 10 21:20:46 2012
	INET/inet_error: connect errno = 10061

PORTATIL (Server)	Sat Mar 10 21:24:46 2012
	INET/inet_error: connect errno = 10061

PORTATIL (Server)	Sat Mar 10 21:24:49 2012
	INET/inet_error: connect errno = 10061

PORTATIL (Server)	Sat Mar 10 21:25:35 2012
	INET/inet_error: connect errno = 10061

PORTATIL (Server)	Sat Mar 10 21:25:38 2012
	INET/inet_error: connect errno = 10061

PORTATIL (Server)	Sat Mar 10 21:26:06 2012
	INET/inet_error: connect errno = 10061

PORTATIL (Server)	Sat Mar 10 21:26:09 2012
	INET/inet_error: connect errno = 10061

PORTATIL (Server)	Sun Sep 30 18:03:54 2012
	INET/inet_error: connect errno = 10061

PORTATIL (Server)	Sun Sep 30 18:03:57 2012
	INET/inet_error: connect errno = 10061

PORTATIL (Server)	Sun Sep 30 18:04:46 2012
	INET/inet_error: connect errno = 10061

PORTATIL (Server)	Sun Sep 30 18:04:49 2012
	INET/inet_error: connect errno = 10061

